[debug] [2024-12-18T05:47:34.200Z] ----------------------------------------------------------------------
[debug] [2024-12-18T05:47:34.207Z] Command:       C:\Program Files\nodejs\node.exe C:\Users\Admin\AppData\Roaming\npm\node_modules\firebase-tools\lib\bin\firebase.js init
[debug] [2024-12-18T05:47:34.208Z] CLI Version:   13.29.1
[debug] [2024-12-18T05:47:34.209Z] Platform:      win32
[debug] [2024-12-18T05:47:34.209Z] Node Version:  v22.12.0
[debug] [2024-12-18T05:47:34.209Z] Time:          Tue Dec 17 2024 21:47:34 GMT-0800 (Pacific Standard Time)
[debug] [2024-12-18T05:47:34.210Z] ----------------------------------------------------------------------
[debug] 
[debug] [2024-12-18T05:47:34.225Z] > command requires scopes: ["email","openid","https://www.googleapis.com/auth/cloudplatformprojects.readonly","https://www.googleapis.com/auth/firebase","https://www.googleapis.com/auth/cloud-platform"]
[debug] [2024-12-18T05:47:34.226Z] > authorizing via signed-in user (leeion252@gmail.com)
[info] 
     ######## #### ########  ######## ########     ###     ######  ########
     ##        ##  ##     ## ##       ##     ##  ##   ##  ##       ##
     ######    ##  ########  ######   ########  #########  ######  ######
     ##        ##  ##    ##  ##       ##     ## ##     ##       ## ##
     ##       #### ##     ## ######## ########  ##     ##  ######  ########

You're about to initialize a Firebase project in this directory:

  C:\Users\Admin\syncup-website

[info] 
=== Project Setup
[info] 
[info] First, let's associate this project directory with a Firebase project.
[info] You can create multiple project aliases by running firebase use --add, 
[info] but for now we'll just set up a default project.
[info] 
[debug] [2024-12-18T05:49:56.632Z] Checked if tokens are valid: false, expires at: 1726779484062
[debug] [2024-12-18T05:49:56.633Z] Checked if tokens are valid: false, expires at: 1726779484062
[debug] [2024-12-18T05:49:56.633Z] > refreshing access token with scopes: []
[debug] [2024-12-18T05:49:56.635Z] >>> [apiv2][query] POST https://www.googleapis.com/oauth2/v3/token [none]
[debug] [2024-12-18T05:49:56.635Z] >>> [apiv2][body] POST https://www.googleapis.com/oauth2/v3/token [omitted]
[debug] [2024-12-18T05:49:57.072Z] <<< [apiv2][status] POST https://www.googleapis.com/oauth2/v3/token 200
[debug] [2024-12-18T05:49:57.072Z] <<< [apiv2][body] POST https://www.googleapis.com/oauth2/v3/token [omitted]
[debug] [2024-12-18T05:49:57.091Z] >>> [apiv2][query] GET https://firebase.googleapis.com/v1beta1/projects pageSize=100
[debug] [2024-12-18T05:49:57.727Z] <<< [apiv2][status] GET https://firebase.googleapis.com/v1beta1/projects 200
[debug] [2024-12-18T05:49:57.727Z] <<< [apiv2][body] GET https://firebase.googleapis.com/v1beta1/projects [omitted]
[info] i  Using project syncup-33579 (SyncUp) 
[info] 
=== Hosting Setup
[debug] [2024-12-18T05:50:02.656Z] Checked if tokens are valid: true, expires at: 1734504596072
[debug] [2024-12-18T05:50:02.656Z] Checked if tokens are valid: true, expires at: 1734504596072
[debug] [2024-12-18T05:50:02.656Z] >>> [apiv2][query] GET https://firebase.googleapis.com/v1beta1/projects/syncup-33579 [none]
[debug] [2024-12-18T05:50:02.972Z] <<< [apiv2][status] GET https://firebase.googleapis.com/v1beta1/projects/syncup-33579 200
[debug] [2024-12-18T05:50:02.973Z] <<< [apiv2][body] GET https://firebase.googleapis.com/v1beta1/projects/syncup-33579 {"projectId":"syncup-33579","projectNumber":"216921671306","displayName":"SyncUp","name":"projects/syncup-33579","resources":{"hostingSite":"syncup-33579","storageBucket":"syncup-33579.appspot.com","locationId":"us-west2"},"state":"ACTIVE","etag":"1_a6d44507-8304-4d41-8e8d-6f893655cbc6"}
[info] 
[info] Your public directory is the folder (relative to your project directory) that
[info] will contain Hosting assets to be uploaded with firebase deploy. If you
[info] have a build process for your assets, use your build's output directory.
[info] 
[debug] [2024-12-18T05:53:08.800Z] >>> [apiv2][query] GET https://www.gstatic.com/firebasejs/releases.json [none]
[debug] [2024-12-18T05:53:08.999Z] <<< [apiv2][status] GET https://www.gstatic.com/firebasejs/releases.json 200
[debug] [2024-12-18T05:53:08.999Z] <<< [apiv2][body] GET https://www.gstatic.com/firebasejs/releases.json {"current":{"version":"11.1.0","browserURL":"https://www.gstatic.com/firebasejs/11.1.0/firebase.js","packageURL":"https://www.gstatic.com/firebasejs/11.1.0/firebase.tgz"},"live":{"version":"11.1","browserURL":"https://www.gstatic.com/firebasejs/live/11.1/firebase.js","packageURL":"https://www.gstatic.com/firebasejs/live/11.1/firebase.tgz"},"components":{"analytics":"https://www.gstatic.com/firebasejs/11.1.0/firebase-analytics.js","app":"https://www.gstatic.com/firebasejs/11.1.0/firebase-app.js","app-check":"https://www.gstatic.com/firebasejs/11.1.0/firebase-app-check.js","auth":"https://www.gstatic.com/firebasejs/11.1.0/firebase-auth.js","auth/cordova":"https://www.gstatic.com/firebasejs/11.1.0/firebase-auth/cordova.js","auth/web-extension":"https://www.gstatic.com/firebasejs/11.1.0/firebase-auth/web-extension.js","functions":"https://www.gstatic.com/firebasejs/11.1.0/firebase-functions.js","firestore":"https://www.gstatic.com/firebasejs/11.1.0/firebase-firestore.js","firestore/lite":"https://www.gstatic.com/firebasejs/11.1.0/firebase-firestore/lite.js","installations":"https://www.gstatic.com/firebasejs/11.1.0/firebase-installations.js","storage":"https://www.gstatic.com/firebasejs/11.1.0/firebase-storage.js","performance":"https://www.gstatic.com/firebasejs/11.1.0/firebase-performance.js","remote-config":"https://www.gstatic.com/firebasejs/11.1.0/firebase-remote-config.js","messaging":"https://www.gstatic.com/firebasejs/11.1.0/firebase-messaging.js","messaging/sw":"https://www.gstatic.com/firebasejs/11.1.0/firebase-messaging/sw.js","database":"https://www.gstatic.com/firebasejs/11.1.0/firebase-database.js","vertexai":"https://www.gstatic.com/firebasejs/11.1.0/firebase-vertexai.js","data-connect":"https://www.gstatic.com/firebasejs/11.1.0/firebase-data-connect.js","firestore.memory":"https://www.gstatic.com/firebasejs/11.1.0/firebase-firestore.memory.js"}}
[info] +  Wrote Y/index.html 
[info] 
[info] i  Didn't detect a .git folder. Assuming C:\Users\Admin\syncup-website is the project root. 
[info] i  Authorizing with GitHub to upload your service account to a GitHub repository's secrets store. 
[info] 
[info] Visit this URL on this device to log in:
[info] https://github.com/login/oauth/authorize?client_id=89cf50f02ac6aaed3484&state=760363651&redirect_uri=http%3A%2F%2Flocalhost%3A9005&scope=read%3Auser%20repo%20public_repo
[info] 
[info] Waiting for authentication...
[debug] [2024-12-18T05:55:44.653Z] >>> [apiv2][query] POST https://github.com/login/oauth/access_token [none]
[debug] [2024-12-18T05:55:44.654Z] >>> [apiv2][body] POST https://github.com/login/oauth/access_token [stream]
[debug] [2024-12-18T05:55:45.072Z] <<< [apiv2][status] POST https://github.com/login/oauth/access_token 200
[debug] [2024-12-18T05:55:45.072Z] <<< [apiv2][body] POST https://github.com/login/oauth/access_token {"access_token":"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","token_type":"bearer","scope":"read:user,repo"}
[debug] [2024-12-18T05:55:45.081Z] >>> [apiv2][query] GET https://api.github.com/user [none]
[debug] [2024-12-18T05:55:46.753Z] <<< [apiv2][status] GET https://api.github.com/user 200
[debug] [2024-12-18T05:55:46.753Z] <<< [apiv2][body] GET https://api.github.com/user {"login":"MackMan69","id":192069872,"node_id":"U_kgDOC3LA8A","avatar_url":"https://avatars.githubusercontent.com/u/192069872?v=4","gravatar_id":"","url":"https://api.github.com/users/MackMan69","html_url":"https://github.com/MackMan69","followers_url":"https://api.github.com/users/MackMan69/followers","following_url":"https://api.github.com/users/MackMan69/following{/other_user}","gists_url":"https://api.github.com/users/MackMan69/gists{/gist_id}","starred_url":"https://api.github.com/users/MackMan69/starred{/owner}{/repo}","subscriptions_url":"https://api.github.com/users/MackMan69/subscriptions","organizations_url":"https://api.github.com/users/MackMan69/orgs","repos_url":"https://api.github.com/users/MackMan69/repos","events_url":"https://api.github.com/users/MackMan69/events{/privacy}","received_events_url":"https://api.github.com/users/MackMan69/received_events","type":"User","user_view_type":"private","site_admin":false,"name":null,"company":null,"blog":"","location":null,"email":null,"hireable":null,"bio":null,"twitter_username":null,"notification_email":null,"public_repos":0,"public_gists":0,"followers":0,"following":0,"created_at":"2024-12-18T05:55:10Z","updated_at":"2024-12-18T05:55:13Z","private_gists":0,"total_private_repos":0,"owned_private_repos":0,"disk_usage":0,"collaborators":0,"two_factor_authentication":false,"plan":{"name":"free","space":976562499,"collaborators":0,"private_repos":10000}}
[info] 
[info] +  Success! Logged into GitHub as MackMan69 
[info] 
[debug] [2024-12-18T05:58:35.278Z] >>> [apiv2][query] GET https://api.github.com/repos/  MackMan69/syncup-website/actions/secrets/public-key type=owner
[debug] [2024-12-18T05:58:35.595Z] <<< [apiv2][status] GET https://api.github.com/repos/  MackMan69/syncup-website/actions/secrets/public-key 404
[debug] [2024-12-18T05:58:35.596Z] <<< [apiv2][body] GET https://api.github.com/repos/  MackMan69/syncup-website/actions/secrets/public-key {"message":"Not Found","documentation_url":"https://docs.github.com/rest/actions/secrets#get-a-repository-public-key","status":"404"}
[info] 
[info] 
[error] !  The provided authorization cannot be used with this repository. If this repository is in an organization, did you remember to grant access? 
[info] 
[info] i  Action required: Visit this URL to ensure access has been granted to the appropriate organization(s) for the Firebase CLI GitHub OAuth App: 
[info] https://github.com/settings/connections/applications/89cf50f02ac6aaed3484
[info] 
[debug] [2024-12-19T05:15:04.645Z] >>> [apiv2][query] GET https://api.github.com/repos/  MackMan69/syncup-website/actions/secrets/public-key type=owner
[debug] [2024-12-19T05:15:04.988Z] <<< [apiv2][status] GET https://api.github.com/repos/  MackMan69/syncup-website/actions/secrets/public-key 404
[debug] [2024-12-19T05:15:04.988Z] <<< [apiv2][body] GET https://api.github.com/repos/  MackMan69/syncup-website/actions/secrets/public-key {"message":"Not Found","documentation_url":"https://docs.github.com/rest/actions/secrets#get-a-repository-public-key","status":"404"}
[info] 
[info] 
[error] !  The provided authorization cannot be used with this repository. If this repository is in an organization, did you remember to grant access? 
[info] 
[info] i  Action required: Visit this URL to ensure access has been granted to the appropriate organization(s) for the Firebase CLI GitHub OAuth App: 
[info] https://github.com/settings/connections/applications/89cf50f02ac6aaed3484
[info] 
[debug] [2024-12-19T05:15:16.306Z] >>> [apiv2][query] GET https://api.github.com/repos/git init/actions/secrets/public-key type=owner
[debug] [2024-12-19T05:15:16.630Z] <<< [apiv2][status] GET https://api.github.com/repos/git init/actions/secrets/public-key 404
[debug] [2024-12-19T05:15:16.630Z] <<< [apiv2][body] GET https://api.github.com/repos/git init/actions/secrets/public-key {"message":"Not Found","documentation_url":"https://docs.github.com/rest","status":"404"}
[info] 
[info] 
[error] !  The provided authorization cannot be used with this repository. If this repository is in an organization, did you remember to grant access? 
[info] 
[info] i  Action required: Visit this URL to ensure access has been granted to the appropriate organization(s) for the Firebase CLI GitHub OAuth App: 
[info] https://github.com/settings/connections/applications/89cf50f02ac6aaed3484
[info] 
